[0;32m================================[0m
[0;32mFunASR SenseVoice å¿«é€Ÿå¯åŠ¨[0m
[0;32m================================[0m

[1;33måˆ é™¤æ—§å®¹å™¨...[0m
funasr-sensevoice
[0;32mæ‹‰å– Docker é•œåƒ...[0m
funasr-runtime-sdk-cpu-0.4.5: Pulling from funasr_repo/funasr
Digest: sha256:cfff1d5da68fc4bce1876b4fcb0d07835133ddde7524bfcceb7fe4f26c3672c7
Status: Image is up to date for registry.cn-hangzhou.aliyuncs.com/funasr_repo/funasr:funasr-runtime-sdk-cpu-0.4.5
registry.cn-hangzhou.aliyuncs.com/funasr_repo/funasr:funasr-runtime-sdk-cpu-0.4.5
[0;32må¯åŠ¨å®¹å™¨...[0m
12400751421ca2f372caec63cb35362b7dfaef8799434f53d670bd60e74924c8
[0;32må¯åŠ¨ FunASR æœåŠ¡ (SenseVoice æ¨¡å¼)...[0m
[1;33mç­‰å¾…æœåŠ¡å¯åŠ¨ (çº¦ 20-30 ç§’)...[0m
[1;33m  ç­‰å¾…ä¸­... 5s[0m
[1;33m  ç­‰å¾…ä¸­... 10s[0m
[1;33m  ç­‰å¾…ä¸­... 15s[0m
[1;33m  ç­‰å¾…ä¸­... 20s[0m
[1;33m  ç­‰å¾…ä¸­... 25s[0m
[1;33m  ç­‰å¾…ä¸­... 30s[0m
[1;33m  ç­‰å¾…ä¸­... 35s[0m
[1;33m  ç­‰å¾…ä¸­... 40s[0m

[0;32m================================[0m
[0;32mæœåŠ¡çŠ¶æ€[0m
[0;32m================================[0m

Error: No such container: funasr-sensevoice
[0;31mâœ— æœåŠ¡è¿›ç¨‹æœªæ‰¾åˆ°[0m

[1;33mæŸ¥çœ‹æ—¥å¿—:[0m
Error: No such container: funasr-sensevoice
