2026-02-14T19:15:47: 2026-02-14 19:15:47 [[32MINFO[39M]: å°æ™ºæœåŠ¡å™¨å¯åŠ¨æˆåŠŸï¼Œç›‘å¬ç«¯å£ 3000
2026-02-14T19:15:47: 2026-02-14 19:15:47 [[32MINFO[39M]: WebSocketæœåŠ¡å™¨è¿è¡Œåœ¨ ws://localhost:3000
2026-02-14T19:15:50: 2026-02-14 19:15:50 [[32MINFO[39M]: æ–°çš„WebSocketè¿æ¥: 56434209-2a96-454a-9b0a-d5282321e806 æ¥è‡ª ::1
2026-02-14T19:17:17: 2026-02-14 19:17:17 [[32MINFO[39M]: æ–°çš„WebSocketè¿æ¥: c4e6403b-2b70-43ec-96f2-5edcd3624d76 æ¥è‡ª ::1
2026-02-14T19:17:17: 2026-02-14 19:17:17 [[34MDEBUG[39M]: æ”¶åˆ°æ¶ˆæ¯ [c4e6403b-2b70-43ec-96f2-5edcd3624d76]:
2026-02-14T19:17:17: 2026-02-14 19:17:17 [[34MDEBUG[39M]: å‘é€æ¶ˆæ¯åˆ°å®¢æˆ·ç«¯ [c4e6403b-2b70-43ec-96f2-5edcd3624d76]:
2026-02-14T19:17:17: 2026-02-14 19:17:17 [[32MINFO[39M]: è®¾å¤‡æ¡æ‰‹æˆåŠŸ: c4e6403b-2b70-43ec-96f2-5edcd3624d76
2026-02-14T19:17:17: 2026-02-14 19:17:17 [[34MDEBUG[39M]: æ”¶åˆ°æ¶ˆæ¯ [c4e6403b-2b70-43ec-96f2-5edcd3624d76]:
2026-02-14T19:17:17: 2026-02-14 19:17:17 [[32MINFO[39M]: æ”¶åˆ°è®¾å¤‡æè¿°ç¬¦:
2026-02-14T19:17:18: 2026-02-14 19:17:18 [[32MINFO[39M]: WebSocketè¿æ¥å…³é—­: c4e6403b-2b70-43ec-96f2-5edcd3624d76
2026-02-14T19:43:38: 2026-02-14 19:43:38 [[32MINFO[39M]: æ”¶åˆ° SIGINT ä¿¡å·ï¼Œæ­£åœ¨å…³é—­æœåŠ¡å™¨...
2026-02-14T19:43:39: 2026-02-14 19:43:39 [[32MINFO[39M]: å°æ™ºæœåŠ¡å™¨å¯åŠ¨æˆåŠŸï¼Œç›‘å¬ç«¯å£ 3000
2026-02-14T19:43:39: 2026-02-14 19:43:39 [[32MINFO[39M]: WebSocketæœåŠ¡å™¨è¿è¡Œåœ¨ ws://localhost:3000
2026-02-14T19:43:44: 2026-02-14 19:43:44 [[32MINFO[39M]: æ–°çš„WebSocketè¿æ¥: fa2c6449-b115-4ee7-bdd6-73db99d04bb1 æ¥è‡ª ::1
2026-02-14T19:54:35: 2026-02-14 19:54:35 [[32MINFO[39M]: æ–°çš„WebSocketè¿æ¥: 6acbcdca-099c-4780-b70a-8e0b2e5bf3a3 æ¥è‡ª ::1
2026-02-14T19:54:35: 2026-02-14 19:54:35 [[32MINFO[39M]: WebSocketè¿æ¥å…³é—­: fa2c6449-b115-4ee7-bdd6-73db99d04bb1
2026-02-14T19:57:56: 2026-02-14 19:57:56 [[32MINFO[39M]: WebSocketè¿æ¥å…³é—­: 6acbcdca-099c-4780-b70a-8e0b2e5bf3a3
2026-02-14T19:57:56: 2026-02-14 19:57:56 [[32MINFO[39M]: æ–°çš„WebSocketè¿æ¥: 82f5e941-6de1-4231-bb8c-5bcfe491bd41 æ¥è‡ª ::1
2026-02-14T19:57:57: 2026-02-14 19:57:57 [[32MINFO[39M]: WebSocketè¿æ¥å…³é—­: 82f5e941-6de1-4231-bb8c-5bcfe491bd41
2026-02-14T19:57:57: 2026-02-14 19:57:57 [[32MINFO[39M]: æ–°çš„WebSocketè¿æ¥: b759bf86-7e75-43a7-9cf3-f63b2fc34ce6 æ¥è‡ª ::1
2026-02-14T19:57:57: 2026-02-14 19:57:57 [[32MINFO[39M]: WebSocketè¿æ¥å…³é—­: b759bf86-7e75-43a7-9cf3-f63b2fc34ce6
2026-02-14T19:57:57: 2026-02-14 19:57:57 [[32MINFO[39M]: æ–°çš„WebSocketè¿æ¥: 7f06a31b-4eae-4aa8-a018-35425c778bba æ¥è‡ª ::1
2026-02-14T19:57:57: 2026-02-14 19:57:57 [[32MINFO[39M]: WebSocketè¿æ¥å…³é—­: 7f06a31b-4eae-4aa8-a018-35425c778bba
2026-02-14T19:57:57: 2026-02-14 19:57:57 [[32MINFO[39M]: æ–°çš„WebSocketè¿æ¥: a76afeb4-793d-4dca-ad78-c285151f8a2e æ¥è‡ª ::1
2026-02-14T19:57:57: 2026-02-14 19:57:57 [[32MINFO[39M]: WebSocketè¿æ¥å…³é—­: a76afeb4-793d-4dca-ad78-c285151f8a2e
2026-02-14T19:57:57: 2026-02-14 19:57:57 [[32MINFO[39M]: æ–°çš„WebSocketè¿æ¥: f2ff426b-7530-4c9d-8fc3-b5690669606d æ¥è‡ª ::1
2026-02-14T19:57:58: 2026-02-14 19:57:58 [[32MINFO[39M]: WebSocketè¿æ¥å…³é—­: f2ff426b-7530-4c9d-8fc3-b5690669606d
2026-02-14T19:57:58: 2026-02-14 19:57:58 [[32MINFO[39M]: æ–°çš„WebSocketè¿æ¥: 0f177716-cd45-4b5f-957d-f3e856837067 æ¥è‡ª ::1
2026-02-14T19:58:00: 2026-02-14 19:58:00 [[32MINFO[39M]: WebSocketè¿æ¥å…³é—­: 0f177716-cd45-4b5f-957d-f3e856837067
2026-02-14T19:58:04: 2026-02-14 19:58:04 [[32MINFO[39M]: æ–°çš„WebSocketè¿æ¥: 033d7d93-2bc2-47b8-9637-9ef49ea3d777 æ¥è‡ª ::1
2026-02-14T19:58:05: 2026-02-14 19:58:05 [[32MINFO[39M]: WebSocketè¿æ¥å…³é—­: 033d7d93-2bc2-47b8-9637-9ef49ea3d777
2026-02-14T19:58:05: 2026-02-14 19:58:05 [[32MINFO[39M]: æ–°çš„WebSocketè¿æ¥: 8521ff72-e733-4772-8b4b-3b99e164f9fd æ¥è‡ª ::1
2026-02-14T19:58:06: 2026-02-14 19:58:06 [[32MINFO[39M]: WebSocketè¿æ¥å…³é—­: 8521ff72-e733-4772-8b4b-3b99e164f9fd
2026-02-14T19:58:06: 2026-02-14 19:58:06 [[32MINFO[39M]: æ–°çš„WebSocketè¿æ¥: 148634ef-e9f2-4f95-86f6-46ee558f469f æ¥è‡ª ::1
2026-02-14T19:58:15: 2026-02-14 19:58:15 [[32MINFO[39M]: WebSocketè¿æ¥å…³é—­: 148634ef-e9f2-4f95-86f6-46ee558f469f
2026-02-14T19:58:33: 2026-02-14 19:58:33 [[32MINFO[39M]: æ–°çš„WebSocketè¿æ¥: 31735290-7c80-43cd-bff0-80271a3d5ab5 æ¥è‡ª ::1
2026-02-14T19:58:34: 2026-02-14 19:58:34 [[32MINFO[39M]: WebSocketè¿æ¥å…³é—­: 31735290-7c80-43cd-bff0-80271a3d5ab5
2026-02-14T19:58:34: 2026-02-14 19:58:34 [[32MINFO[39M]: æ–°çš„WebSocketè¿æ¥: eb1038a9-1905-4eae-a0c4-967b8ad0af75 æ¥è‡ª ::1
2026-02-14T19:58:34: 2026-02-14 19:58:34 [[32MINFO[39M]: WebSocketè¿æ¥å…³é—­: eb1038a9-1905-4eae-a0c4-967b8ad0af75
2026-02-14T19:58:34: 2026-02-14 19:58:34 [[32MINFO[39M]: æ–°çš„WebSocketè¿æ¥: 3a7106b8-b303-4a66-b5c2-3a3cf52cce50 æ¥è‡ª ::1
2026-02-14T19:58:34: 2026-02-14 19:58:34 [[32MINFO[39M]: WebSocketè¿æ¥å…³é—­: 3a7106b8-b303-4a66-b5c2-3a3cf52cce50
2026-02-14T19:58:34: 2026-02-14 19:58:34 [[32MINFO[39M]: æ–°çš„WebSocketè¿æ¥: 052a1954-b22c-4182-bb49-ddec0239e342 æ¥è‡ª ::1
2026-02-14T19:58:34: 2026-02-14 19:58:34 [[32MINFO[39M]: WebSocketè¿æ¥å…³é—­: 052a1954-b22c-4182-bb49-ddec0239e342
2026-02-14T19:58:34: 2026-02-14 19:58:34 [[32MINFO[39M]: æ–°çš„WebSocketè¿æ¥: 08a49c5d-a6fd-4359-ac22-0dc092f55182 æ¥è‡ª ::1
2026-02-14T19:58:40: 2026-02-14 19:58:40 [[32MINFO[39M]: æ–°çš„WebSocketè¿æ¥: 641f8964-0aa0-4a6f-87ad-dcca41f17bc3 æ¥è‡ª ::1
2026-02-14T19:58:43: 2026-02-14 19:58:43 [[32MINFO[39M]: WebSocketè¿æ¥å…³é—­: 641f8964-0aa0-4a6f-87ad-dcca41f17bc3
2026-02-14T20:06:55: 2026-02-14 20:06:55 [[32MINFO[39M]: WebSocketè¿æ¥å…³é—­: 08a49c5d-a6fd-4359-ac22-0dc092f55182
2026-02-14T20:41:11: 2026-02-14 20:41:11 [[32MINFO[39M]: å°æ™ºæœåŠ¡å™¨å¯åŠ¨æˆåŠŸï¼Œç›‘å¬ç«¯å£ 3000
2026-02-14T20:41:11: 2026-02-14 20:41:11 [[32MINFO[39M]: WebSocketæœåŠ¡å™¨è¿è¡Œåœ¨ ws://localhost:3000
2026-02-14T20:42:00: 2026-02-14 20:42:00 [[32MINFO[39M]: æ”¶åˆ° SIGINT ä¿¡å·ï¼Œæ­£åœ¨å…³é—­æœåŠ¡å™¨...
2026-02-14T20:42:00: 2026-02-14 20:42:00 [[32MINFO[39M]: æœåŠ¡å™¨å·²å…³é—­
